<?xml version="1.0" encoding="UTF-8"?>
<testsuite name="UserTests" tests="1" skipped="0" failures="0" errors="0" timestamp="2024-01-18T16:16:27" hostname="DBC-001143.local" time="1.313">
  <properties/>
  <testcase name="consultarSingleUserTest()" classname="UserTests" time="1.313"/>
  <system-out><![CDATA[HTTP/1.1 200 OK
Date: Thu, 18 Jan 2024 16:16:28 GMT
Content-Type: application/json; charset=utf-8
Transfer-Encoding: chunked
Connection: keep-alive
Report-To: {"group":"heroku-nel","max_age":3600,"endpoints":[{"url":"https://nel.heroku.com/reports?ts=1705593843&sid=c4c9725f-1ab0-44d8-820f-430df2718e11&s=dVO69lAJ6n%2BU8it9MUlX7qNxtGbBJOuJpN192m8pghI%3D"}]}
Reporting-Endpoints: heroku-nel=https://nel.heroku.com/reports?ts=1705593843&sid=c4c9725f-1ab0-44d8-820f-430df2718e11&s=dVO69lAJ6n%2BU8it9MUlX7qNxtGbBJOuJpN192m8pghI%3D
Nel: {"report_to":"heroku-nel","max_age":3600,"success_fraction":0.005,"failure_fraction":0.05,"response_headers":["Via"]}
X-Powered-By: Express
Access-Control-Allow-Origin: *
Etag: W/"118-pbdwwFo9SKNhD3Lx5iHJyngpq00"
Via: 1.1 vegur
Cache-Control: max-age=14400
CF-Cache-Status: HIT
Age: 745
Vary: Accept-Encoding
Server: cloudflare
CF-RAY: 84782483eca76f89-JDO
Content-Encoding: gzip

{
    "data": {
        "id": 2,
        "email": "janet.weaver@reqres.in",
        "first_name": "Janet",
        "last_name": "Weaver",
        "avatar": "https://reqres.in/img/faces/2-image.jpg"
    },
    "support": {
        "url": "https://reqres.in/#support-heading",
        "text": "To keep ReqRes free, contributions towards server costs are appreciated!"
    }
}
]]></system-out>
  <system-err><![CDATA[]]></system-err>
</testsuite>
